<?xml version="1.0" encoding="UTF-8"?>
<testsuite name="com.mvp.aplication.AplicationApplicationTests" tests="1" skipped="0" failures="0" errors="0" timestamp="2026-04-20T02:47:01.012Z" hostname="pontofinal-Ganbs" time="13.495">
  <properties/>
  <testcase name="contextLoads()" classname="com.mvp.aplication.AplicationApplicationTests" time="3.048"/>
  <system-out><![CDATA[23:47:01.481 [Test worker] INFO org.springframework.test.context.support.AnnotationConfigContextLoaderUtils -- Could not detect default configuration classes for test class [com.mvp.aplication.AplicationApplicationTests]: AplicationApplicationTests does not declare any static, non-private, non-final, nested classes annotated with @Configuration.
23:47:01.702 [Test worker] INFO org.springframework.boot.test.context.SpringBootTestContextBootstrapper -- Found @SpringBootConfiguration com.mvp.aplication.AplicationApplication for test class com.mvp.aplication.AplicationApplicationTests
23:47:01.849 [Test worker] INFO org.springframework.test.context.support.AnnotationConfigContextLoaderUtils -- Could not detect default configuration classes for test class [com.mvp.aplication.AplicationApplicationTests]: AplicationApplicationTests does not declare any static, non-private, non-final, nested classes annotated with @Configuration.
23:47:01.853 [Test worker] INFO org.springframework.boot.test.context.SpringBootTestContextBootstrapper -- Found @SpringBootConfiguration com.mvp.aplication.AplicationApplication for test class com.mvp.aplication.AplicationApplicationTests

  .   ____          _            __ _ _
 /\\ / ___'_ __ _ _(_)_ __  __ _ \ \ \ \
( ( )\___ | '_ | '_| | '_ \/ _` | \ \ \ \
 \\/  ___)| |_)| | | | | || (_| |  ) ) ) )
  '  |____| .__|_| |_|_| |_\__, | / / / /
 =========|_|==============|___/=/_/_/_/

 :: Spring Boot ::                (v4.0.5)

2026-04-19T23:47:02.576-03:00  INFO 127897 --- [aplication] [    Test worker] c.m.a.AplicationApplicationTests         : Starting AplicationApplicationTests using Java 17.0.12 with PID 127897 (started by pontofinal in /home/pontofinal/Documentos/MVP_PROJETO_EXTENSAO_FACULDADE/backend)
2026-04-19T23:47:02.581-03:00  INFO 127897 --- [aplication] [    Test worker] c.m.a.AplicationApplicationTests         : No active profile set, falling back to 1 default profile: "default"
2026-04-19T23:47:04.031-03:00  INFO 127897 --- [aplication] [    Test worker] .s.d.r.c.RepositoryConfigurationDelegate : Bootstrapping Spring Data JPA repositories in DEFAULT mode.
2026-04-19T23:47:04.147-03:00  INFO 127897 --- [aplication] [    Test worker] .s.d.r.c.RepositoryConfigurationDelegate : Finished Spring Data repository scanning in 88 ms. Found 2 JPA repository interfaces.
2026-04-19T23:47:04.999-03:00  INFO 127897 --- [aplication] [    Test worker] org.hibernate.orm.jpa                    : HHH008540: Processing PersistenceUnitInfo [name: default]
2026-04-19T23:47:05.111-03:00  INFO 127897 --- [aplication] [    Test worker] org.hibernate.orm.core                   : HHH000001: Hibernate ORM core version 7.2.7.Final
2026-04-19T23:47:05.964-03:00  INFO 127897 --- [aplication] [    Test worker] o.s.o.j.p.SpringPersistenceUnitInfo      : No LoadTimeWeaver setup: ignoring JPA class transformer
2026-04-19T23:47:06.034-03:00  INFO 127897 --- [aplication] [    Test worker] com.zaxxer.hikari.HikariDataSource       : HikariPool-1 - Starting...
2026-04-19T23:47:06.795-03:00  INFO 127897 --- [aplication] [    Test worker] com.zaxxer.hikari.pool.HikariPool        : HikariPool-1 - Added connection conn0: url=jdbc:h2:mem:testdb user=SA
2026-04-19T23:47:06.798-03:00  INFO 127897 --- [aplication] [    Test worker] com.zaxxer.hikari.HikariDataSource       : HikariPool-1 - Start completed.
2026-04-19T23:47:06.841-03:00  WARN 127897 --- [aplication] [    Test worker] org.hibernate.orm.deprecation            : HHH90000025: H2Dialect does not need to be specified explicitly using 'hibernate.dialect' (remove the property setting and it will be selected by default)
2026-04-19T23:47:06.878-03:00  INFO 127897 --- [aplication] [    Test worker] org.hibernate.orm.connections.pooling    : HHH10001005: Database info:
	Database JDBC URL [jdbc:h2:mem:testdb]
	Database driver: H2 JDBC Driver
	Database dialect: H2Dialect
	Database version: 2.4.240
	Default catalog/schema: TESTDB/PUBLIC
	Autocommit mode: undefined/unknown
	Isolation level: READ_COMMITTED [default READ_COMMITTED]
	JDBC fetch size: 100
	Pool: DataSourceConnectionProvider
	Minimum pool size: undefined/unknown
	Maximum pool size: undefined/unknown
2026-04-19T23:47:09.857-03:00  INFO 127897 --- [aplication] [    Test worker] org.hibernate.orm.core                   : HHH000489: No JTA platform available (set 'hibernate.transaction.jta.platform' to enable JTA platform integration)
Hibernate: 
    create table fact_observed_entity (
        id bigint generated by default as identity,
        category varchar(255),
        observation varchar(255),
        soldier_id bigint,
        squad varchar(255),
        tag tinyint check ((tag between 0 and 1)),
        primary key (id)
    )
Hibernate: 
    create table soldier_entity (
        id bigint generated by default as identity,
        name varchar(255),
        soldier_id bigint,
        squad varchar(255),
        primary key (id)
    )
2026-04-19T23:47:09.983-03:00  INFO 127897 --- [aplication] [    Test worker] j.LocalContainerEntityManagerFactoryBean : Initialized JPA EntityManagerFactory for persistence unit 'default'
2026-04-19T23:47:10.144-03:00  INFO 127897 --- [aplication] [    Test worker] o.s.d.j.r.query.QueryEnhancerFactories   : Hibernate is in classpath; If applicable, HQL parser will be used.
2026-04-19T23:47:10.635-03:00  WARN 127897 --- [aplication] [    Test worker] JpaBaseConfiguration$JpaWebConfiguration : spring.jpa.open-in-view is enabled by default. Therefore, database queries may be performed during view rendering. Explicitly configure spring.jpa.open-in-view to disable this warning
2026-04-19T23:47:11.252-03:00  INFO 127897 --- [aplication] [    Test worker] o.s.b.h.a.H2ConsoleAutoConfiguration     : H2 console available at '/h2-console'. Database available at 'jdbc:h2:mem:testdb'
2026-04-19T23:47:11.431-03:00  INFO 127897 --- [aplication] [    Test worker] c.m.a.AplicationApplicationTests         : Started AplicationApplicationTests in 9.436 seconds (process running for 12.642)
]]></system-out>
  <system-err><![CDATA[]]></system-err>
</testsuite>
